1265  execve("./3000shell", ["./3000shell"], 0x7ffffe261ec0 /* 27 vars */) = 0
1265  brk(NULL)                         = 0x7fffe1649000
1265  access("/etc/ld.so.nohwcap", F_OK) = -1 ENOENT (No such file or directory)
1265  access("/etc/ld.so.preload", R_OK) = -1 ENOENT (No such file or directory)
1265  openat(AT_FDCWD, "/etc/ld.so.cache", O_RDONLY|O_CLOEXEC) = 3
1265  fstat(3, {st_mode=S_IFREG|0644, st_size=50654, ...}) = 0
1265  mmap(NULL, 50654, PROT_READ, MAP_PRIVATE, 3, 0) = 0x7f3b7e25f000
1265  close(3)                          = 0
1265  access("/etc/ld.so.nohwcap", F_OK) = -1 ENOENT (No such file or directory)
1265  openat(AT_FDCWD, "/lib/x86_64-linux-gnu/libc.so.6", O_RDONLY|O_CLOEXEC) = 3
1265  read(3, "\177ELF\2\1\1\3\0\0\0\0\0\0\0\0\3\0>\0\1\0\0\0\260\34\2\0\0\0\0\0"..., 832) = 832
1265  fstat(3, {st_mode=S_IFREG|0755, st_size=2030544, ...}) = 0
1265  mmap(NULL, 8192, PROT_READ|PROT_WRITE, MAP_PRIVATE|MAP_ANONYMOUS, -1, 0) = 0x7f3b7e250000
1265  mmap(NULL, 4131552, PROT_READ|PROT_EXEC, MAP_PRIVATE|MAP_DENYWRITE, 3, 0) = 0x7f3b7dc00000
1265  mprotect(0x7f3b7dde7000, 2097152, PROT_NONE) = 0
1265  mmap(0x7f3b7dfe7000, 24576, PROT_READ|PROT_WRITE, MAP_PRIVATE|MAP_FIXED|MAP_DENYWRITE, 3, 0x1e7000) = 0x7f3b7dfe7000
1265  mmap(0x7f3b7dfed000, 15072, PROT_READ|PROT_WRITE, MAP_PRIVATE|MAP_FIXED|MAP_ANONYMOUS, -1, 0) = 0x7f3b7dfed000
1265  close(3)                          = 0
1265  arch_prctl(ARCH_SET_FS, 0x7f3b7e251500) = 0
1265  mprotect(0x7f3b7dfe7000, 16384, PROT_READ) = 0
1265  mprotect(0x7f3b7e602000, 4096, PROT_READ) = 0
1265  mprotect(0x7f3b7e227000, 4096, PROT_READ) = 0
1265  munmap(0x7f3b7e25f000, 50654)     = 0
1265  rt_sigaction(SIGCHLD, {sa_handler=0x7f3b7e400efa, sa_mask=[], sa_flags=SA_RESTORER|SA_RESTART, sa_restorer=0x7f3b7dc3ef20}, NULL, 8) = 0
1265  rt_sigaction(SIGHUP, {sa_handler=0x7f3b7e400efa, sa_mask=[], sa_flags=SA_RESTORER|SA_RESTART, sa_restorer=0x7f3b7dc3ef20}, NULL, 8) = 0
1265  fstat(1, {st_mode=S_IFCHR|0620, st_rdev=makedev(136, 6), ...}) = 0
1265  brk(NULL)                         = 0x7fffe1649000
1265  brk(0x7fffe166a000)               = 0x7fffe166a000
1265  fstat(0, {st_mode=S_IFCHR|0620, st_rdev=makedev(136, 6), ...}) = 0
1265  write(1, "root $ ", 7)            = 7
1265  read(0, "whoami\n", 1024)         = 7
1265  clone(child_stack=NULL, flags=CLONE_CHILD_CLEARTID|CLONE_CHILD_SETTID|SIGCHLD, child_tidptr=0x7f3b7e2517d0) = 1266
1266  stat("/usr/local/sbin/whoami",  <unfinished ...>
1265  wait4(-1,  <unfinished ...>
1266  <... stat resumed> 0x7fffe855cb60) = -1 ENOENT (No such file or directory)
1266  stat("/usr/local/bin/whoami", 0x7fffe855cb60) = -1 ENOENT (No such file or directory)
1266  stat("/usr/sbin/whoami", 0x7fffe855cb60) = -1 ENOENT (No such file or directory)
1266  stat("/usr/bin/whoami", {st_mode=S_IFREG|0755, st_size=30904, ...}) = 0
1266  execve("/usr/bin/whoami", ["whoami"], 0x7fffe85fce98 /* 27 vars */) = 0
1266  brk(NULL)                         = 0x7fffdb943000
1266  access("/etc/ld.so.nohwcap", F_OK) = -1 ENOENT (No such file or directory)
1266  access("/etc/ld.so.preload", R_OK) = -1 ENOENT (No such file or directory)
1266  openat(AT_FDCWD, "/etc/ld.so.cache", O_RDONLY|O_CLOEXEC) = 3
1266  fstat(3, {st_mode=S_IFREG|0644, st_size=50654, ...}) = 0
1266  mmap(NULL, 50654, PROT_READ, MAP_PRIVATE, 3, 0) = 0x7fb55be8d000
1266  close(3)                          = 0
1266  access("/etc/ld.so.nohwcap", F_OK) = -1 ENOENT (No such file or directory)
1266  openat(AT_FDCWD, "/lib/x86_64-linux-gnu/libc.so.6", O_RDONLY|O_CLOEXEC) = 3
1266  read(3, "\177ELF\2\1\1\3\0\0\0\0\0\0\0\0\3\0>\0\1\0\0\0\260\34\2\0\0\0\0\0"..., 832) = 832
1266  fstat(3, {st_mode=S_IFREG|0755, st_size=2030544, ...}) = 0
1266  mmap(NULL, 8192, PROT_READ|PROT_WRITE, MAP_PRIVATE|MAP_ANONYMOUS, -1, 0) = 0x7fb55be80000
1266  mmap(NULL, 4131552, PROT_READ|PROT_EXEC, MAP_PRIVATE|MAP_DENYWRITE, 3, 0) = 0x7fb55b800000
1266  mprotect(0x7fb55b9e7000, 2097152, PROT_NONE) = 0
1266  mmap(0x7fb55bbe7000, 24576, PROT_READ|PROT_WRITE, MAP_PRIVATE|MAP_FIXED|MAP_DENYWRITE, 3, 0x1e7000) = 0x7fb55bbe7000
1266  mmap(0x7fb55bbed000, 15072, PROT_READ|PROT_WRITE, MAP_PRIVATE|MAP_FIXED|MAP_ANONYMOUS, -1, 0) = 0x7fb55bbed000
1266  close(3)                          = 0
1266  arch_prctl(ARCH_SET_FS, 0x7fb55be81540) = 0
1266  mprotect(0x7fb55bbe7000, 16384, PROT_READ) = 0
1266  mprotect(0x7fb55c206000, 4096, PROT_READ) = 0
1266  mprotect(0x7fb55be27000, 4096, PROT_READ) = 0
1266  munmap(0x7fb55be8d000, 50654)     = 0
1266  brk(NULL)                         = 0x7fffdb943000
1266  brk(0x7fffdb964000)               = 0x7fffdb964000
1266  openat(AT_FDCWD, "/usr/lib/locale/locale-archive", O_RDONLY|O_CLOEXEC) = 3
1266  fstat(3, {st_mode=S_IFREG|0644, st_size=1683056, ...}) = 0
1266  mmap(NULL, 1683056, PROT_READ, MAP_PRIVATE, 3, 0) = 0x7fb55bc8c000
1266  close(3)                          = 0
1266  openat(AT_FDCWD, "/usr/share/locale/locale.alias", O_RDONLY|O_CLOEXEC) = 3
1266  fstat(3, {st_mode=S_IFREG|0644, st_size=2995, ...}) = 0
1266  read(3, "# Locale name alias data base.\n#"..., 512) = 512
1266  read(3, "See the\n# GNU General Public Lic"..., 512) = 512
1266  read(3, "nd for the time being for\n# back"..., 512) = 512
1266  read(3, "hese lines were removed\n# becaus"..., 512) = 512
1266  read(3, "8859-1\ngalego\t\tgl_ES.ISO-8859-1\n"..., 512) = 512
1266  read(3, "O.ISO-8859-1 nb_NO.ISO-8859-1\nno"..., 512) = 435
1266  read(3, "", 512)                  = 0
1266  close(3)                          = 0
1266  openat(AT_FDCWD, "/usr/lib/locale/C.UTF-8/LC_IDENTIFICATION", O_RDONLY|O_CLOEXEC) = 3
1266  fstat(3, {st_mode=S_IFREG|0644, st_size=252, ...}) = 0
1266  mmap(NULL, 252, PROT_READ, MAP_PRIVATE, 3, 0) = 0x7fb55be99000
1266  close(3)                          = 0
1266  openat(AT_FDCWD, "/usr/lib/x86_64-linux-gnu/gconv/gconv-modules.cache", O_RDONLY) = 3
1266  fstat(3, {st_mode=S_IFREG|0644, st_size=26376, ...}) = 0
1266  mmap(NULL, 26376, PROT_READ, MAP_SHARED, 3, 0) = 0x7fb55be92000
1266  close(3)                          = 0
1266  openat(AT_FDCWD, "/usr/lib/locale/C.UTF-8/LC_MEASUREMENT", O_RDONLY|O_CLOEXEC) = 3
1266  fstat(3, {st_mode=S_IFREG|0644, st_size=23, ...}) = 0
1266  mmap(NULL, 23, PROT_READ, MAP_PRIVATE, 3, 0) = 0x7fb55be91000
1266  close(3)                          = 0
1266  openat(AT_FDCWD, "/usr/lib/locale/C.UTF-8/LC_TELEPHONE", O_RDONLY|O_CLOEXEC) = 3
1266  fstat(3, {st_mode=S_IFREG|0644, st_size=47, ...}) = 0
1266  mmap(NULL, 47, PROT_READ, MAP_PRIVATE, 3, 0) = 0x7fb55be90000
1266  close(3)                          = 0
1266  openat(AT_FDCWD, "/usr/lib/locale/C.UTF-8/LC_ADDRESS", O_RDONLY|O_CLOEXEC) = 3
1266  fstat(3, {st_mode=S_IFREG|0644, st_size=131, ...}) = 0
1266  mmap(NULL, 131, PROT_READ, MAP_PRIVATE, 3, 0) = 0x7fb55be8f000
1266  close(3)                          = 0
1266  openat(AT_FDCWD, "/usr/lib/locale/C.UTF-8/LC_NAME", O_RDONLY|O_CLOEXEC) = 3
1266  fstat(3, {st_mode=S_IFREG|0644, st_size=62, ...}) = 0
1266  mmap(NULL, 62, PROT_READ, MAP_PRIVATE, 3, 0) = 0x7fb55be8e000
1266  close(3)                          = 0
1266  openat(AT_FDCWD, "/usr/lib/locale/C.UTF-8/LC_PAPER", O_RDONLY|O_CLOEXEC) = 3
1266  fstat(3, {st_mode=S_IFREG|0644, st_size=34, ...}) = 0
1266  mmap(NULL, 34, PROT_READ, MAP_PRIVATE, 3, 0) = 0x7fb55be8d000
1266  close(3)                          = 0
1266  openat(AT_FDCWD, "/usr/lib/locale/C.UTF-8/LC_MESSAGES", O_RDONLY|O_CLOEXEC) = 3
1266  fstat(3, {st_mode=S_IFDIR|0755, st_size=512, ...}) = 0
1266  close(3)                          = 0
1266  openat(AT_FDCWD, "/usr/lib/locale/C.UTF-8/LC_MESSAGES/SYS_LC_MESSAGES", O_RDONLY|O_CLOEXEC) = 3
1266  fstat(3, {st_mode=S_IFREG|0644, st_size=48, ...}) = 0
1266  mmap(NULL, 48, PROT_READ, MAP_PRIVATE, 3, 0) = 0x7fb55be8c000
1266  close(3)                          = 0
1266  openat(AT_FDCWD, "/usr/lib/locale/C.UTF-8/LC_MONETARY", O_RDONLY|O_CLOEXEC) = 3
1266  fstat(3, {st_mode=S_IFREG|0644, st_size=270, ...}) = 0
1266  mmap(NULL, 270, PROT_READ, MAP_PRIVATE, 3, 0) = 0x7fb55be8b000
1266  close(3)                          = 0
1266  openat(AT_FDCWD, "/usr/lib/locale/C.UTF-8/LC_COLLATE", O_RDONLY|O_CLOEXEC) = 3
1266  fstat(3, {st_mode=S_IFREG|0644, st_size=1516558, ...}) = 0
1266  mmap(NULL, 1516558, PROT_READ, MAP_PRIVATE, 3, 0) = 0x7fb55b68d000
1266  close(3)                          = 0
1266  openat(AT_FDCWD, "/usr/lib/locale/C.UTF-8/LC_TIME", O_RDONLY|O_CLOEXEC) = 3
1266  fstat(3, {st_mode=S_IFREG|0644, st_size=3360, ...}) = 0
1266  mmap(NULL, 3360, PROT_READ, MAP_PRIVATE, 3, 0) = 0x7fb55be8a000
1266  close(3)                          = 0
1266  openat(AT_FDCWD, "/usr/lib/locale/C.UTF-8/LC_NUMERIC", O_RDONLY|O_CLOEXEC) = 3
1266  fstat(3, {st_mode=S_IFREG|0644, st_size=50, ...}) = 0
1266  mmap(NULL, 50, PROT_READ, MAP_PRIVATE, 3, 0) = 0x7fb55be89000
1266  close(3)                          = 0
1266  openat(AT_FDCWD, "/usr/lib/locale/C.UTF-8/LC_CTYPE", O_RDONLY|O_CLOEXEC) = 3
1266  fstat(3, {st_mode=S_IFREG|0644, st_size=199772, ...}) = 0
1266  mmap(NULL, 199772, PROT_READ, MAP_PRIVATE, 3, 0) = 0x7fb55be4f000
1266  close(3)                          = 0
1266  geteuid()                         = 0
1266  socket(AF_UNIX, SOCK_STREAM|SOCK_CLOEXEC|SOCK_NONBLOCK, 0) = 3
1266  connect(3, {sa_family=AF_UNIX, sun_path="/var/run/nscd/socket"}, 110) = -1 ENOENT (No such file or directory)
1266  close(3)                          = 0
1266  socket(AF_UNIX, SOCK_STREAM|SOCK_CLOEXEC|SOCK_NONBLOCK, 0) = 3
1266  connect(3, {sa_family=AF_UNIX, sun_path="/var/run/nscd/socket"}, 110) = -1 ENOENT (No such file or directory)
1266  close(3)                          = 0
1266  openat(AT_FDCWD, "/etc/nsswitch.conf", O_RDONLY|O_CLOEXEC) = 3
1266  fstat(3, {st_mode=S_IFREG|0644, st_size=513, ...}) = 0
1266  read(3, "# /etc/nsswitch.conf\n#\n# Example"..., 512) = 512
1266  read(3, "\n", 512)                = 1
1266  read(3, "", 512)                  = 0
1266  close(3)                          = 0
1266  openat(AT_FDCWD, "/etc/ld.so.cache", O_RDONLY|O_CLOEXEC) = 3
1266  fstat(3, {st_mode=S_IFREG|0644, st_size=50654, ...}) = 0
1266  mmap(NULL, 50654, PROT_READ, MAP_PRIVATE, 3, 0) = 0x7fb55be42000
1266  close(3)                          = 0
1266  access("/etc/ld.so.nohwcap", F_OK) = -1 ENOENT (No such file or directory)
1266  openat(AT_FDCWD, "/lib/x86_64-linux-gnu/libnss_compat.so.2", O_RDONLY|O_CLOEXEC) = 3
1266  read(3, "\177ELF\2\1\1\0\0\0\0\0\0\0\0\0\3\0>\0\1\0\0\0\240\22\0\0\0\0\0\0"..., 832) = 832
1266  fstat(3, {st_mode=S_IFREG|0644, st_size=39744, ...}) = 0
1266  mmap(NULL, 2136256, PROT_READ|PROT_EXEC, MAP_PRIVATE|MAP_DENYWRITE, 3, 0) = 0x7fb55b480000
1266  mprotect(0x7fb55b488000, 2097152, PROT_NONE) = 0
1266  mmap(0x7fb55b688000, 8192, PROT_READ|PROT_WRITE, MAP_PRIVATE|MAP_FIXED|MAP_DENYWRITE, 3, 0x8000) = 0x7fb55b688000
1266  close(3)                          = 0
1266  mprotect(0x7fb55b688000, 4096, PROT_READ) = 0
1266  munmap(0x7fb55be42000, 50654)     = 0
1266  openat(AT_FDCWD, "/etc/ld.so.cache", O_RDONLY|O_CLOEXEC) = 3
1266  fstat(3, {st_mode=S_IFREG|0644, st_size=50654, ...}) = 0
1266  mmap(NULL, 50654, PROT_READ, MAP_PRIVATE, 3, 0) = 0x7fb55be42000
1266  close(3)                          = 0
1266  access("/etc/ld.so.nohwcap", F_OK) = -1 ENOENT (No such file or directory)
1266  openat(AT_FDCWD, "/lib/x86_64-linux-gnu/libnss_nis.so.2", O_RDONLY|O_CLOEXEC) = 3
1266  read(3, "\177ELF\2\1\1\0\0\0\0\0\0\0\0\0\3\0>\0\1\0\0\0p \0\0\0\0\0\0"..., 832) = 832
1266  fstat(3, {st_mode=S_IFREG|0644, st_size=47576, ...}) = 0
1266  mmap(NULL, 2143624, PROT_READ|PROT_EXEC, MAP_PRIVATE|MAP_DENYWRITE, 3, 0) = 0x7fb55b270000
1266  mprotect(0x7fb55b27b000, 2093056, PROT_NONE) = 0
1266  mmap(0x7fb55b47a000, 8192, PROT_READ|PROT_WRITE, MAP_PRIVATE|MAP_FIXED|MAP_DENYWRITE, 3, 0xa000) = 0x7fb55b47a000
1266  close(3)                          = 0
1266  access("/etc/ld.so.nohwcap", F_OK) = -1 ENOENT (No such file or directory)
1266  openat(AT_FDCWD, "/lib/x86_64-linux-gnu/libnsl.so.1", O_RDONLY|O_CLOEXEC) = 3
1266  read(3, "\177ELF\2\1\1\0\0\0\0\0\0\0\0\0\3\0>\0\1\0\0\0\220@\0\0\0\0\0\0"..., 832) = 832
1266  fstat(3, {st_mode=S_IFREG|0644, st_size=97176, ...}) = 0
1266  mmap(NULL, 2202200, PROT_READ|PROT_EXEC, MAP_PRIVATE|MAP_DENYWRITE, 3, 0) = 0x7fb55b050000
1266  mprotect(0x7fb55b067000, 2093056, PROT_NONE) = 0
1266  mmap(0x7fb55b266000, 8192, PROT_READ|PROT_WRITE, MAP_PRIVATE|MAP_FIXED|MAP_DENYWRITE, 3, 0x16000) = 0x7fb55b266000
1266  mmap(0x7fb55b268000, 6744, PROT_READ|PROT_WRITE, MAP_PRIVATE|MAP_FIXED|MAP_ANONYMOUS, -1, 0) = 0x7fb55b268000
1266  close(3)                          = 0
1266  access("/etc/ld.so.nohwcap", F_OK) = -1 ENOENT (No such file or directory)
1266  openat(AT_FDCWD, "/lib/x86_64-linux-gnu/libnss_files.so.2", O_RDONLY|O_CLOEXEC) = 3
1266  read(3, "\177ELF\2\1\1\0\0\0\0\0\0\0\0\0\3\0>\0\1\0\0\0P#\0\0\0\0\0\0"..., 832) = 832
1266  fstat(3, {st_mode=S_IFREG|0644, st_size=47568, ...}) = 0
1266  mmap(NULL, 2168632, PROT_READ|PROT_EXEC, MAP_PRIVATE|MAP_DENYWRITE, 3, 0) = 0x7fb55ae30000
1266  mprotect(0x7fb55ae3b000, 2093056, PROT_NONE) = 0
1266  mmap(0x7fb55b03a000, 8192, PROT_READ|PROT_WRITE, MAP_PRIVATE|MAP_FIXED|MAP_DENYWRITE, 3, 0xa000) = 0x7fb55b03a000
1266  mmap(0x7fb55b03c000, 22328, PROT_READ|PROT_WRITE, MAP_PRIVATE|MAP_FIXED|MAP_ANONYMOUS, -1, 0) = 0x7fb55b03c000
1266  close(3)                          = 0
1266  mprotect(0x7fb55b03a000, 4096, PROT_READ) = 0
1266  mprotect(0x7fb55b266000, 4096, PROT_READ) = 0
1266  mprotect(0x7fb55b47a000, 4096, PROT_READ) = 0
1266  munmap(0x7fb55be42000, 50654)     = 0
1266  openat(AT_FDCWD, "/etc/passwd", O_RDONLY|O_CLOEXEC) = 3
1266  lseek(3, 0, SEEK_CUR)             = 0
1266  fstat(3, {st_mode=S_IFREG|0644, st_size=1820, ...}) = 0
1266  mmap(NULL, 1820, PROT_READ, MAP_SHARED, 3, 0) = 0x7fb55be88000
1266  lseek(3, 1820, SEEK_SET)          = 1820
1266  munmap(0x7fb55be88000, 1820)      = 0
1266  close(3)                          = 0
1266  fstat(1, {st_mode=S_IFCHR|0620, st_rdev=makedev(136, 6), ...}) = 0
1266  write(1, "root\n", 5)             = 5
1266  close(1)                          = 0
1266  close(2)                          = 0
1266  exit_group(0)                     = ?
1266  +++ exited with 0 +++
1265  <... wait4 resumed> NULL, 0, NULL) = 1266
1265  --- SIGCHLD {si_signo=SIGCHLD, si_code=CLD_EXITED, si_pid=1266, si_uid=0, si_status=0, si_utime=0, si_stime=0} ---
1265  wait4(-1, 0x7fffe855c584, 0, NULL) = -1 ECHILD (No child processes)
1265  rt_sigreturn({mask=[]})           = 1266
1265  write(1, "root $ ", 7)            = 7
1265  read(0, "exit\n", 1024)           = 5
1265  exit_group(0)                     = ?
1265  +++ exited with 0 +++
